2024-01-22T08:27:02.286+01:00  INFO 828 --- [main] com.example.studia.StudiaApplication     : Starting StudiaApplication using Java 21.0.1 with PID 828 (C:\Users\UDI Group - PC 3\Desktop\mp\spring-main\target\classes started by UDI Group - PC 3 in C:\Users\UDI Group - PC 3\Desktop\mp\spring-main)
2024-01-22T08:27:02.294+01:00  INFO 828 --- [main] com.example.studia.StudiaApplication     : No active profile set, falling back to 1 default profile: "default"
2024-01-22T08:27:03.016+01:00  INFO 828 --- [main] .s.d.r.c.RepositoryConfigurationDelegate : Bootstrapping Spring Data JPA repositories in DEFAULT mode.
2024-01-22T08:27:03.122+01:00  INFO 828 --- [main] .s.d.r.c.RepositoryConfigurationDelegate : Finished Spring Data repository scanning in 93 ms. Found 5 JPA repository interfaces.
2024-01-22T08:27:03.983+01:00  INFO 828 --- [main] o.s.b.w.embedded.tomcat.TomcatWebServer  : Tomcat initialized with port(s): 8082 (http)
2024-01-22T08:27:03.991+01:00  INFO 828 --- [main] o.apache.catalina.core.StandardService   : Starting service [Tomcat]
2024-01-22T08:27:03.991+01:00  INFO 828 --- [main] o.apache.catalina.core.StandardEngine    : Starting Servlet engine: [Apache Tomcat/10.1.15]
2024-01-22T08:27:04.058+01:00  INFO 828 --- [main] o.a.c.c.C.[Tomcat].[localhost].[/]       : Initializing Spring embedded WebApplicationContext
2024-01-22T08:27:04.058+01:00  INFO 828 --- [main] w.s.c.ServletWebServerApplicationContext : Root WebApplicationContext: initialization completed in 1713 ms
2024-01-22T08:27:04.161+01:00  INFO 828 --- [main] o.hibernate.jpa.internal.util.LogHelper  : HHH000204: Processing PersistenceUnitInfo [name: default]
2024-01-22T08:27:04.236+01:00  INFO 828 --- [main] org.hibernate.Version                    : HHH000412: Hibernate ORM core version 6.2.13.Final
2024-01-22T08:27:04.240+01:00  INFO 828 --- [main] org.hibernate.cfg.Environment            : HHH000406: Using bytecode reflection optimizer
2024-01-22T08:27:04.515+01:00  INFO 828 --- [main] o.s.o.j.p.SpringPersistenceUnitInfo      : No LoadTimeWeaver setup: ignoring JPA class transformer
2024-01-22T08:27:04.540+01:00  INFO 828 --- [main] com.zaxxer.hikari.HikariDataSource       : HikariPool-1 - Starting...
2024-01-22T08:27:05.596+01:00  INFO 828 --- [main] com.zaxxer.hikari.pool.HikariPool        : HikariPool-1 - Added connection org.postgresql.jdbc.PgConnection@2707c790
2024-01-22T08:27:05.598+01:00  INFO 828 --- [main] com.zaxxer.hikari.HikariDataSource       : HikariPool-1 - Start completed.
2024-01-22T08:27:06.768+01:00  INFO 828 --- [main] o.h.e.t.j.p.i.JtaPlatformInitiator       : HHH000489: No JTA platform available (set 'hibernate.transaction.jta.platform' to enable JTA platform integration)
2024-01-22T08:27:07.829+01:00  INFO 828 --- [main] j.LocalContainerEntityManagerFactoryBean : Initialized JPA EntityManagerFactory for persistence unit 'default'
2024-01-22T08:27:08.333+01:00  WARN 828 --- [main] JpaBaseConfiguration$JpaWebConfiguration : spring.jpa.open-in-view is enabled by default. Therefore, database queries may be performed during view rendering. Explicitly configure spring.jpa.open-in-view to disable this warning
2024-01-22T08:27:08.412+01:00  INFO 828 --- [main] o.s.b.a.w.s.WelcomePageHandlerMapping    : Adding welcome page template: index
2024-01-22T08:27:08.556+01:00 DEBUG 828 --- [main] edFilterInvocationSecurityMetadataSource : Adding web access control expression [permitAll] for ExactUrl [processUrl='/login?error']
2024-01-22T08:27:08.599+01:00 DEBUG 828 --- [main] edFilterInvocationSecurityMetadataSource : Adding web access control expression [permitAll] for ExactUrl [processUrl='/login']
2024-01-22T08:27:08.600+01:00 DEBUG 828 --- [main] edFilterInvocationSecurityMetadataSource : Adding web access control expression [permitAll] for ExactUrl [processUrl='/login']
2024-01-22T08:27:08.600+01:00 DEBUG 828 --- [main] edFilterInvocationSecurityMetadataSource : Adding web access control expression [permitAll] for Mvc [pattern='/login']
2024-01-22T08:27:08.600+01:00 DEBUG 828 --- [main] edFilterInvocationSecurityMetadataSource : Adding web access control expression [permitAll] for Mvc [pattern='/register']
2024-01-22T08:27:08.600+01:00 DEBUG 828 --- [main] edFilterInvocationSecurityMetadataSource : Adding web access control expression [authenticated] for any request
2024-01-22T08:27:08.610+01:00  INFO 828 --- [main] o.s.s.web.DefaultSecurityFilterChain     : Will secure any request with [org.springframework.security.web.session.DisableEncodeUrlFilter@6779959d, org.springframework.security.web.context.request.async.WebAsyncManagerIntegrationFilter@335a45a8, org.springframework.security.web.context.SecurityContextHolderFilter@5ff12345, org.springframework.security.web.header.HeaderWriterFilter@4628f386, org.springframework.security.web.authentication.logout.LogoutFilter@6137dc84, com.example.studia.JwtAuthFilter@1d7f0cd0, org.springframework.security.web.authentication.UsernamePasswordAuthenticationFilter@3d84f113, org.springframework.security.web.savedrequest.RequestCacheAwareFilter@74fda9ed, org.springframework.security.web.servletapi.SecurityContextHolderAwareRequestFilter@2a9fd482, org.springframework.security.web.authentication.AnonymousAuthenticationFilter@294c36b9, org.springframework.security.web.access.ExceptionTranslationFilter@2a3c3a04, org.springframework.security.web.access.intercept.FilterSecurityInterceptor@13f255ed]
2024-01-22T08:27:08.908+01:00  INFO 828 --- [main] o.s.b.w.embedded.tomcat.TomcatWebServer  : Tomcat started on port(s): 8082 (http) with context path ''
2024-01-22T08:27:08.914+01:00  INFO 828 --- [main] com.example.studia.StudiaApplication     : Started StudiaApplication in 7.188 seconds (process running for 8.08)
2024-01-22T08:27:09.142+01:00  INFO 828 --- [http-nio-8082-exec-1] o.a.c.c.C.[Tomcat].[localhost].[/]       : Initializing Spring DispatcherServlet 'dispatcherServlet'
2024-01-22T08:27:09.142+01:00  INFO 828 --- [http-nio-8082-exec-1] o.s.web.servlet.DispatcherServlet        : Initializing Servlet 'dispatcherServlet'
2024-01-22T08:27:09.144+01:00  INFO 828 --- [http-nio-8082-exec-1] o.s.web.servlet.DispatcherServlet        : Completed initialization in 2 ms
2024-01-22T08:27:09.155+01:00 DEBUG 828 --- [http-nio-8082-exec-1] o.s.security.web.FilterChainProxy        : Securing GET /
2024-01-22T08:27:09.176+01:00 DEBUG 828 --- [http-nio-8082-exec-1] o.s.s.w.a.AnonymousAuthenticationFilter  : Set SecurityContextHolder to anonymous SecurityContext
2024-01-22T08:27:09.184+01:00 DEBUG 828 --- [http-nio-8082-exec-1] o.s.s.w.a.i.FilterSecurityInterceptor    : Failed to authorize filter invocation [GET /] with attributes [authenticated]
2024-01-22T08:27:09.201+01:00 DEBUG 828 --- [http-nio-8082-exec-1] o.s.s.w.s.HttpSessionRequestCache        : Saved request http://localhost:8082/?continue to session
2024-01-22T08:27:09.202+01:00 DEBUG 828 --- [http-nio-8082-exec-1] o.s.s.web.DefaultRedirectStrategy        : Redirecting to http://localhost:8082/login
2024-01-22T08:27:09.211+01:00 DEBUG 828 --- [http-nio-8082-exec-2] o.s.security.web.FilterChainProxy        : Securing GET /login
2024-01-22T08:27:09.212+01:00 DEBUG 828 --- [http-nio-8082-exec-2] o.s.s.w.a.AnonymousAuthenticationFilter  : Set SecurityContextHolder to anonymous SecurityContext
2024-01-22T08:27:09.212+01:00 DEBUG 828 --- [http-nio-8082-exec-2] o.s.s.w.a.i.FilterSecurityInterceptor    : Authorized filter invocation [GET /login] with attributes [permitAll]
2024-01-22T08:27:09.213+01:00 DEBUG 828 --- [http-nio-8082-exec-2] o.s.security.web.FilterChainProxy        : Secured GET /login
2024-01-22T08:27:09.530+01:00 DEBUG 828 --- [http-nio-8082-exec-3] o.s.security.web.FilterChainProxy        : Securing GET /robots.txt
2024-01-22T08:27:09.532+01:00 DEBUG 828 --- [http-nio-8082-exec-3] o.s.s.w.a.AnonymousAuthenticationFilter  : Set SecurityContextHolder to anonymous SecurityContext
2024-01-22T08:27:09.532+01:00 DEBUG 828 --- [http-nio-8082-exec-3] o.s.s.w.a.i.FilterSecurityInterceptor    : Failed to authorize filter invocation [GET /robots.txt] with attributes [authenticated]
2024-01-22T08:27:09.534+01:00 DEBUG 828 --- [http-nio-8082-exec-3] o.s.s.w.s.HttpSessionRequestCache        : Saved request http://localhost:8082/robots.txt?continue to session
2024-01-22T08:27:09.534+01:00 DEBUG 828 --- [http-nio-8082-exec-3] o.s.s.web.DefaultRedirectStrategy        : Redirecting to http://localhost:8082/login
2024-01-22T08:27:09.550+01:00 DEBUG 828 --- [http-nio-8082-exec-4] o.s.security.web.FilterChainProxy        : Securing GET /login
2024-01-22T08:27:09.551+01:00 DEBUG 828 --- [http-nio-8082-exec-4] o.s.s.w.a.AnonymousAuthenticationFilter  : Set SecurityContextHolder to anonymous SecurityContext
2024-01-22T08:27:09.552+01:00 DEBUG 828 --- [http-nio-8082-exec-4] o.s.s.w.a.i.FilterSecurityInterceptor    : Authorized filter invocation [GET /login] with attributes [permitAll]
2024-01-22T08:27:09.552+01:00 DEBUG 828 --- [http-nio-8082-exec-4] o.s.security.web.FilterChainProxy        : Secured GET /login
2024-01-22T08:27:09.818+01:00 DEBUG 828 --- [http-nio-8082-exec-5] o.s.security.web.FilterChainProxy        : Securing GET /favicon.ico
2024-01-22T08:27:09.820+01:00 DEBUG 828 --- [http-nio-8082-exec-5] o.s.s.w.a.AnonymousAuthenticationFilter  : Set SecurityContextHolder to anonymous SecurityContext
2024-01-22T08:27:09.824+01:00 DEBUG 828 --- [http-nio-8082-exec-5] o.s.s.w.a.i.FilterSecurityInterceptor    : Failed to authorize filter invocation [GET /favicon.ico] with attributes [authenticated]
2024-01-22T08:27:09.824+01:00 DEBUG 828 --- [http-nio-8082-exec-5] o.s.s.web.DefaultRedirectStrategy        : Redirecting to http://localhost:8082/login
2024-01-22T08:27:09.834+01:00 DEBUG 828 --- [http-nio-8082-exec-6] o.s.security.web.FilterChainProxy        : Securing GET /login
2024-01-22T08:27:09.835+01:00 DEBUG 828 --- [http-nio-8082-exec-6] o.s.s.w.a.AnonymousAuthenticationFilter  : Set SecurityContextHolder to anonymous SecurityContext
2024-01-22T08:27:09.835+01:00 DEBUG 828 --- [http-nio-8082-exec-6] o.s.s.w.a.i.FilterSecurityInterceptor    : Authorized filter invocation [GET /login] with attributes [permitAll]
2024-01-22T08:27:09.835+01:00 DEBUG 828 --- [http-nio-8082-exec-6] o.s.security.web.FilterChainProxy        : Secured GET /login
2024-01-22T08:27:11.207+01:00 DEBUG 828 --- [http-nio-8082-exec-7] o.s.security.web.FilterChainProxy        : Securing GET /
2024-01-22T08:27:11.210+01:00 DEBUG 828 --- [http-nio-8082-exec-7] o.s.s.w.a.AnonymousAuthenticationFilter  : Set SecurityContextHolder to anonymous SecurityContext
2024-01-22T08:27:11.210+01:00 DEBUG 828 --- [http-nio-8082-exec-7] o.s.s.w.a.i.FilterSecurityInterceptor    : Failed to authorize filter invocation [GET /] with attributes [authenticated]
2024-01-22T08:27:11.211+01:00 DEBUG 828 --- [http-nio-8082-exec-7] o.s.s.w.s.HttpSessionRequestCache        : Saved request http://localhost:8082/?continue to session
2024-01-22T08:27:11.211+01:00 DEBUG 828 --- [http-nio-8082-exec-7] o.s.s.web.DefaultRedirectStrategy        : Redirecting to http://localhost:8082/login
2024-01-22T08:27:11.218+01:00 DEBUG 828 --- [http-nio-8082-exec-8] o.s.security.web.FilterChainProxy        : Securing GET /login
2024-01-22T08:27:11.219+01:00 DEBUG 828 --- [http-nio-8082-exec-8] o.s.s.w.a.AnonymousAuthenticationFilter  : Set SecurityContextHolder to anonymous SecurityContext
2024-01-22T08:27:11.219+01:00 DEBUG 828 --- [http-nio-8082-exec-8] o.s.s.w.a.i.FilterSecurityInterceptor    : Authorized filter invocation [GET /login] with attributes [permitAll]
2024-01-22T08:27:11.219+01:00 DEBUG 828 --- [http-nio-8082-exec-8] o.s.security.web.FilterChainProxy        : Secured GET /login
2024-01-22T08:27:11.227+01:00 DEBUG 828 --- [http-nio-8082-exec-9] o.s.security.web.FilterChainProxy        : Securing GET /robots.txt
2024-01-22T08:27:11.228+01:00 DEBUG 828 --- [http-nio-8082-exec-9] o.s.s.w.a.AnonymousAuthenticationFilter  : Set SecurityContextHolder to anonymous SecurityContext
2024-01-22T08:27:11.229+01:00 DEBUG 828 --- [http-nio-8082-exec-9] o.s.s.w.a.i.FilterSecurityInterceptor    : Failed to authorize filter invocation [GET /robots.txt] with attributes [authenticated]
2024-01-22T08:27:11.230+01:00 DEBUG 828 --- [http-nio-8082-exec-9] o.s.s.w.s.HttpSessionRequestCache        : Saved request http://localhost:8082/robots.txt?continue to session
2024-01-22T08:27:11.230+01:00 DEBUG 828 --- [http-nio-8082-exec-9] o.s.s.web.DefaultRedirectStrategy        : Redirecting to http://localhost:8082/login
2024-01-22T08:27:11.236+01:00 DEBUG 828 --- [http-nio-8082-exec-10] o.s.security.web.FilterChainProxy        : Securing GET /login
2024-01-22T08:27:11.237+01:00 DEBUG 828 --- [http-nio-8082-exec-10] o.s.s.w.a.AnonymousAuthenticationFilter  : Set SecurityContextHolder to anonymous SecurityContext
2024-01-22T08:27:11.237+01:00 DEBUG 828 --- [http-nio-8082-exec-10] o.s.s.w.a.i.FilterSecurityInterceptor    : Authorized filter invocation [GET /login] with attributes [permitAll]
2024-01-22T08:27:11.238+01:00 DEBUG 828 --- [http-nio-8082-exec-10] o.s.security.web.FilterChainProxy        : Secured GET /login
2024-01-22T08:27:11.284+01:00 DEBUG 828 --- [http-nio-8082-exec-1] o.s.security.web.FilterChainProxy        : Securing GET /favicon.ico
2024-01-22T08:27:11.285+01:00 DEBUG 828 --- [http-nio-8082-exec-1] o.s.s.w.a.AnonymousAuthenticationFilter  : Set SecurityContextHolder to anonymous SecurityContext
2024-01-22T08:27:11.285+01:00 DEBUG 828 --- [http-nio-8082-exec-1] o.s.s.w.a.i.FilterSecurityInterceptor    : Failed to authorize filter invocation [GET /favicon.ico] with attributes [authenticated]
2024-01-22T08:27:11.285+01:00 DEBUG 828 --- [http-nio-8082-exec-1] o.s.s.web.DefaultRedirectStrategy        : Redirecting to http://localhost:8082/login
2024-01-22T08:27:11.289+01:00 DEBUG 828 --- [http-nio-8082-exec-2] o.s.security.web.FilterChainProxy        : Securing GET /login
2024-01-22T08:27:11.289+01:00 DEBUG 828 --- [http-nio-8082-exec-2] o.s.s.w.a.AnonymousAuthenticationFilter  : Set SecurityContextHolder to anonymous SecurityContext
2024-01-22T08:27:11.289+01:00 DEBUG 828 --- [http-nio-8082-exec-2] o.s.s.w.a.i.FilterSecurityInterceptor    : Authorized filter invocation [GET /login] with attributes [permitAll]
2024-01-22T08:27:11.289+01:00 DEBUG 828 --- [http-nio-8082-exec-2] o.s.security.web.FilterChainProxy        : Secured GET /login
2024-01-22T08:27:12.651+01:00 DEBUG 828 --- [http-nio-8082-exec-3] o.s.security.web.FilterChainProxy        : Securing GET /register
2024-01-22T08:27:12.652+01:00 DEBUG 828 --- [http-nio-8082-exec-3] o.s.s.w.a.AnonymousAuthenticationFilter  : Set SecurityContextHolder to anonymous SecurityContext
2024-01-22T08:27:12.652+01:00 DEBUG 828 --- [http-nio-8082-exec-3] o.s.s.w.a.i.FilterSecurityInterceptor    : Authorized filter invocation [GET /register] with attributes [permitAll]
2024-01-22T08:27:12.652+01:00 DEBUG 828 --- [http-nio-8082-exec-3] o.s.security.web.FilterChainProxy        : Secured GET /register
2024-01-22T08:27:12.690+01:00 DEBUG 828 --- [http-nio-8082-exec-4] o.s.security.web.FilterChainProxy        : Securing GET /robots.txt
2024-01-22T08:27:12.691+01:00 DEBUG 828 --- [http-nio-8082-exec-4] o.s.s.w.a.AnonymousAuthenticationFilter  : Set SecurityContextHolder to anonymous SecurityContext
2024-01-22T08:27:12.691+01:00 DEBUG 828 --- [http-nio-8082-exec-4] o.s.s.w.a.i.FilterSecurityInterceptor    : Failed to authorize filter invocation [GET /robots.txt] with attributes [authenticated]
2024-01-22T08:27:12.692+01:00 DEBUG 828 --- [http-nio-8082-exec-4] o.s.s.w.s.HttpSessionRequestCache        : Saved request http://localhost:8082/robots.txt?continue to session
2024-01-22T08:27:12.693+01:00 DEBUG 828 --- [http-nio-8082-exec-4] o.s.s.web.DefaultRedirectStrategy        : Redirecting to http://localhost:8082/login
2024-01-22T08:27:12.701+01:00 DEBUG 828 --- [http-nio-8082-exec-5] o.s.security.web.FilterChainProxy        : Securing GET /login
2024-01-22T08:27:12.701+01:00 DEBUG 828 --- [http-nio-8082-exec-5] o.s.s.w.a.AnonymousAuthenticationFilter  : Set SecurityContextHolder to anonymous SecurityContext
2024-01-22T08:27:12.702+01:00 DEBUG 828 --- [http-nio-8082-exec-5] o.s.s.w.a.i.FilterSecurityInterceptor    : Authorized filter invocation [GET /login] with attributes [permitAll]
2024-01-22T08:27:12.702+01:00 DEBUG 828 --- [http-nio-8082-exec-5] o.s.security.web.FilterChainProxy        : Secured GET /login
2024-01-22T08:27:12.747+01:00 DEBUG 828 --- [http-nio-8082-exec-6] o.s.security.web.FilterChainProxy        : Securing GET /favicon.ico
2024-01-22T08:27:12.748+01:00 DEBUG 828 --- [http-nio-8082-exec-6] o.s.s.w.a.AnonymousAuthenticationFilter  : Set SecurityContextHolder to anonymous SecurityContext
2024-01-22T08:27:12.749+01:00 DEBUG 828 --- [http-nio-8082-exec-6] o.s.s.w.a.i.FilterSecurityInterceptor    : Failed to authorize filter invocation [GET /favicon.ico] with attributes [authenticated]
2024-01-22T08:27:12.749+01:00 DEBUG 828 --- [http-nio-8082-exec-6] o.s.s.web.DefaultRedirectStrategy        : Redirecting to http://localhost:8082/login
2024-01-22T08:27:12.753+01:00 DEBUG 828 --- [http-nio-8082-exec-7] o.s.security.web.FilterChainProxy        : Securing GET /login
2024-01-22T08:27:12.753+01:00 DEBUG 828 --- [http-nio-8082-exec-7] o.s.s.w.a.AnonymousAuthenticationFilter  : Set SecurityContextHolder to anonymous SecurityContext
2024-01-22T08:27:12.754+01:00 DEBUG 828 --- [http-nio-8082-exec-7] o.s.s.w.a.i.FilterSecurityInterceptor    : Authorized filter invocation [GET /login] with attributes [permitAll]
2024-01-22T08:27:12.754+01:00 DEBUG 828 --- [http-nio-8082-exec-7] o.s.security.web.FilterChainProxy        : Secured GET /login
2024-01-22T08:27:13.805+01:00 DEBUG 828 --- [http-nio-8082-exec-8] o.s.security.web.FilterChainProxy        : Securing GET /login
2024-01-22T08:27:13.806+01:00 DEBUG 828 --- [http-nio-8082-exec-8] o.s.s.w.a.AnonymousAuthenticationFilter  : Set SecurityContextHolder to anonymous SecurityContext
2024-01-22T08:27:13.806+01:00 DEBUG 828 --- [http-nio-8082-exec-8] o.s.s.w.a.i.FilterSecurityInterceptor    : Authorized filter invocation [GET /login] with attributes [permitAll]
2024-01-22T08:27:13.806+01:00 DEBUG 828 --- [http-nio-8082-exec-8] o.s.security.web.FilterChainProxy        : Secured GET /login
2024-01-22T08:27:13.816+01:00 DEBUG 828 --- [http-nio-8082-exec-9] o.s.security.web.FilterChainProxy        : Securing GET /robots.txt
2024-01-22T08:27:13.817+01:00 DEBUG 828 --- [http-nio-8082-exec-9] o.s.s.w.a.AnonymousAuthenticationFilter  : Set SecurityContextHolder to anonymous SecurityContext
2024-01-22T08:27:13.817+01:00 DEBUG 828 --- [http-nio-8082-exec-9] o.s.s.w.a.i.FilterSecurityInterceptor    : Failed to authorize filter invocation [GET /robots.txt] with attributes [authenticated]
2024-01-22T08:27:13.818+01:00 DEBUG 828 --- [http-nio-8082-exec-9] o.s.s.w.s.HttpSessionRequestCache        : Saved request http://localhost:8082/robots.txt?continue to session
2024-01-22T08:27:13.818+01:00 DEBUG 828 --- [http-nio-8082-exec-9] o.s.s.web.DefaultRedirectStrategy        : Redirecting to http://localhost:8082/login
2024-01-22T08:27:13.824+01:00 DEBUG 828 --- [http-nio-8082-exec-10] o.s.security.web.FilterChainProxy        : Securing GET /login
2024-01-22T08:27:13.824+01:00 DEBUG 828 --- [http-nio-8082-exec-10] o.s.s.w.a.AnonymousAuthenticationFilter  : Set SecurityContextHolder to anonymous SecurityContext
2024-01-22T08:27:13.824+01:00 DEBUG 828 --- [http-nio-8082-exec-10] o.s.s.w.a.i.FilterSecurityInterceptor    : Authorized filter invocation [GET /login] with attributes [permitAll]
2024-01-22T08:27:13.824+01:00 DEBUG 828 --- [http-nio-8082-exec-10] o.s.security.web.FilterChainProxy        : Secured GET /login
2024-01-22T08:27:13.871+01:00 DEBUG 828 --- [http-nio-8082-exec-1] o.s.security.web.FilterChainProxy        : Securing GET /favicon.ico
2024-01-22T08:27:13.872+01:00 DEBUG 828 --- [http-nio-8082-exec-1] o.s.s.w.a.AnonymousAuthenticationFilter  : Set SecurityContextHolder to anonymous SecurityContext
2024-01-22T08:27:13.872+01:00 DEBUG 828 --- [http-nio-8082-exec-1] o.s.s.w.a.i.FilterSecurityInterceptor    : Failed to authorize filter invocation [GET /favicon.ico] with attributes [authenticated]
2024-01-22T08:27:13.872+01:00 DEBUG 828 --- [http-nio-8082-exec-1] o.s.s.web.DefaultRedirectStrategy        : Redirecting to http://localhost:8082/login
2024-01-22T08:27:13.876+01:00 DEBUG 828 --- [http-nio-8082-exec-2] o.s.security.web.FilterChainProxy        : Securing GET /login
2024-01-22T08:27:13.876+01:00 DEBUG 828 --- [http-nio-8082-exec-2] o.s.s.w.a.AnonymousAuthenticationFilter  : Set SecurityContextHolder to anonymous SecurityContext
2024-01-22T08:27:13.876+01:00 DEBUG 828 --- [http-nio-8082-exec-2] o.s.s.w.a.i.FilterSecurityInterceptor    : Authorized filter invocation [GET /login] with attributes [permitAll]
2024-01-22T08:27:13.877+01:00 DEBUG 828 --- [http-nio-8082-exec-2] o.s.security.web.FilterChainProxy        : Secured GET /login
2024-01-22T08:27:14.885+01:00 DEBUG 828 --- [http-nio-8082-exec-3] o.s.security.web.FilterChainProxy        : Securing GET /register
2024-01-22T08:27:14.885+01:00 DEBUG 828 --- [http-nio-8082-exec-3] o.s.s.w.a.AnonymousAuthenticationFilter  : Set SecurityContextHolder to anonymous SecurityContext
2024-01-22T08:27:14.886+01:00 DEBUG 828 --- [http-nio-8082-exec-3] o.s.s.w.a.i.FilterSecurityInterceptor    : Authorized filter invocation [GET /register] with attributes [permitAll]
2024-01-22T08:27:14.886+01:00 DEBUG 828 --- [http-nio-8082-exec-3] o.s.security.web.FilterChainProxy        : Secured GET /register
2024-01-22T08:27:14.898+01:00 DEBUG 828 --- [http-nio-8082-exec-4] o.s.security.web.FilterChainProxy        : Securing GET /robots.txt
2024-01-22T08:27:14.899+01:00 DEBUG 828 --- [http-nio-8082-exec-4] o.s.s.w.a.AnonymousAuthenticationFilter  : Set SecurityContextHolder to anonymous SecurityContext
2024-01-22T08:27:14.899+01:00 DEBUG 828 --- [http-nio-8082-exec-4] o.s.s.w.a.i.FilterSecurityInterceptor    : Failed to authorize filter invocation [GET /robots.txt] with attributes [authenticated]
2024-01-22T08:27:14.899+01:00 DEBUG 828 --- [http-nio-8082-exec-4] o.s.s.w.s.HttpSessionRequestCache        : Saved request http://localhost:8082/robots.txt?continue to session
2024-01-22T08:27:14.899+01:00 DEBUG 828 --- [http-nio-8082-exec-4] o.s.s.web.DefaultRedirectStrategy        : Redirecting to http://localhost:8082/login
2024-01-22T08:27:14.905+01:00 DEBUG 828 --- [http-nio-8082-exec-5] o.s.security.web.FilterChainProxy        : Securing GET /login
2024-01-22T08:27:14.906+01:00 DEBUG 828 --- [http-nio-8082-exec-5] o.s.s.w.a.AnonymousAuthenticationFilter  : Set SecurityContextHolder to anonymous SecurityContext
2024-01-22T08:27:14.906+01:00 DEBUG 828 --- [http-nio-8082-exec-5] o.s.s.w.a.i.FilterSecurityInterceptor    : Authorized filter invocation [GET /login] with attributes [permitAll]
2024-01-22T08:27:14.906+01:00 DEBUG 828 --- [http-nio-8082-exec-5] o.s.security.web.FilterChainProxy        : Secured GET /login
2024-01-22T08:27:14.951+01:00 DEBUG 828 --- [http-nio-8082-exec-6] o.s.security.web.FilterChainProxy        : Securing GET /favicon.ico
2024-01-22T08:27:14.952+01:00 DEBUG 828 --- [http-nio-8082-exec-6] o.s.s.w.a.AnonymousAuthenticationFilter  : Set SecurityContextHolder to anonymous SecurityContext
2024-01-22T08:27:14.953+01:00 DEBUG 828 --- [http-nio-8082-exec-6] o.s.s.w.a.i.FilterSecurityInterceptor    : Failed to authorize filter invocation [GET /favicon.ico] with attributes [authenticated]
2024-01-22T08:27:14.953+01:00 DEBUG 828 --- [http-nio-8082-exec-6] o.s.s.web.DefaultRedirectStrategy        : Redirecting to http://localhost:8082/login
2024-01-22T08:27:14.956+01:00 DEBUG 828 --- [http-nio-8082-exec-7] o.s.security.web.FilterChainProxy        : Securing GET /login
2024-01-22T08:27:14.957+01:00 DEBUG 828 --- [http-nio-8082-exec-7] o.s.s.w.a.AnonymousAuthenticationFilter  : Set SecurityContextHolder to anonymous SecurityContext
2024-01-22T08:27:14.957+01:00 DEBUG 828 --- [http-nio-8082-exec-7] o.s.s.w.a.i.FilterSecurityInterceptor    : Authorized filter invocation [GET /login] with attributes [permitAll]
2024-01-22T08:27:14.957+01:00 DEBUG 828 --- [http-nio-8082-exec-7] o.s.security.web.FilterChainProxy        : Secured GET /login
2024-01-22T08:27:16.062+01:00 DEBUG 828 --- [http-nio-8082-exec-8] o.s.security.web.FilterChainProxy        : Securing GET /login
2024-01-22T08:27:16.062+01:00 DEBUG 828 --- [http-nio-8082-exec-8] o.s.s.w.a.AnonymousAuthenticationFilter  : Set SecurityContextHolder to anonymous SecurityContext
2024-01-22T08:27:16.062+01:00 DEBUG 828 --- [http-nio-8082-exec-8] o.s.s.w.a.i.FilterSecurityInterceptor    : Authorized filter invocation [GET /login] with attributes [permitAll]
2024-01-22T08:27:16.062+01:00 DEBUG 828 --- [http-nio-8082-exec-8] o.s.security.web.FilterChainProxy        : Secured GET /login
2024-01-22T08:27:16.071+01:00 DEBUG 828 --- [http-nio-8082-exec-9] o.s.security.web.FilterChainProxy        : Securing GET /robots.txt
2024-01-22T08:27:16.071+01:00 DEBUG 828 --- [http-nio-8082-exec-9] o.s.s.w.a.AnonymousAuthenticationFilter  : Set SecurityContextHolder to anonymous SecurityContext
2024-01-22T08:27:16.072+01:00 DEBUG 828 --- [http-nio-8082-exec-9] o.s.s.w.a.i.FilterSecurityInterceptor    : Failed to authorize filter invocation [GET /robots.txt] with attributes [authenticated]
2024-01-22T08:27:16.072+01:00 DEBUG 828 --- [http-nio-8082-exec-9] o.s.s.w.s.HttpSessionRequestCache        : Saved request http://localhost:8082/robots.txt?continue to session
2024-01-22T08:27:16.072+01:00 DEBUG 828 --- [http-nio-8082-exec-9] o.s.s.web.DefaultRedirectStrategy        : Redirecting to http://localhost:8082/login
2024-01-22T08:27:16.081+01:00 DEBUG 828 --- [http-nio-8082-exec-10] o.s.security.web.FilterChainProxy        : Securing GET /login
2024-01-22T08:27:16.081+01:00 DEBUG 828 --- [http-nio-8082-exec-10] o.s.s.w.a.AnonymousAuthenticationFilter  : Set SecurityContextHolder to anonymous SecurityContext
2024-01-22T08:27:16.081+01:00 DEBUG 828 --- [http-nio-8082-exec-10] o.s.s.w.a.i.FilterSecurityInterceptor    : Authorized filter invocation [GET /login] with attributes [permitAll]
2024-01-22T08:27:16.081+01:00 DEBUG 828 --- [http-nio-8082-exec-10] o.s.security.web.FilterChainProxy        : Secured GET /login
2024-01-22T08:27:16.126+01:00 DEBUG 828 --- [http-nio-8082-exec-1] o.s.security.web.FilterChainProxy        : Securing GET /favicon.ico
2024-01-22T08:27:16.127+01:00 DEBUG 828 --- [http-nio-8082-exec-1] o.s.s.w.a.AnonymousAuthenticationFilter  : Set SecurityContextHolder to anonymous SecurityContext
2024-01-22T08:27:16.127+01:00 DEBUG 828 --- [http-nio-8082-exec-1] o.s.s.w.a.i.FilterSecurityInterceptor    : Failed to authorize filter invocation [GET /favicon.ico] with attributes [authenticated]
2024-01-22T08:27:16.127+01:00 DEBUG 828 --- [http-nio-8082-exec-1] o.s.s.web.DefaultRedirectStrategy        : Redirecting to http://localhost:8082/login
2024-01-22T08:27:16.132+01:00 DEBUG 828 --- [http-nio-8082-exec-2] o.s.security.web.FilterChainProxy        : Securing GET /login
2024-01-22T08:27:16.132+01:00 DEBUG 828 --- [http-nio-8082-exec-2] o.s.s.w.a.AnonymousAuthenticationFilter  : Set SecurityContextHolder to anonymous SecurityContext
2024-01-22T08:27:16.133+01:00 DEBUG 828 --- [http-nio-8082-exec-2] o.s.s.w.a.i.FilterSecurityInterceptor    : Authorized filter invocation [GET /login] with attributes [permitAll]
2024-01-22T08:27:16.133+01:00 DEBUG 828 --- [http-nio-8082-exec-2] o.s.security.web.FilterChainProxy        : Secured GET /login
2024-01-22T08:27:18.027+01:00 DEBUG 828 --- [http-nio-8082-exec-3] o.s.security.web.FilterChainProxy        : Securing GET /register
2024-01-22T08:27:18.028+01:00 DEBUG 828 --- [http-nio-8082-exec-3] o.s.s.w.a.AnonymousAuthenticationFilter  : Set SecurityContextHolder to anonymous SecurityContext
2024-01-22T08:27:18.028+01:00 DEBUG 828 --- [http-nio-8082-exec-3] o.s.s.w.a.i.FilterSecurityInterceptor    : Authorized filter invocation [GET /register] with attributes [permitAll]
2024-01-22T08:27:18.028+01:00 DEBUG 828 --- [http-nio-8082-exec-3] o.s.security.web.FilterChainProxy        : Secured GET /register
2024-01-22T08:27:18.039+01:00 DEBUG 828 --- [http-nio-8082-exec-4] o.s.security.web.FilterChainProxy        : Securing GET /robots.txt
2024-01-22T08:27:18.039+01:00 DEBUG 828 --- [http-nio-8082-exec-4] o.s.s.w.a.AnonymousAuthenticationFilter  : Set SecurityContextHolder to anonymous SecurityContext
2024-01-22T08:27:18.040+01:00 DEBUG 828 --- [http-nio-8082-exec-4] o.s.s.w.a.i.FilterSecurityInterceptor    : Failed to authorize filter invocation [GET /robots.txt] with attributes [authenticated]
2024-01-22T08:27:18.040+01:00 DEBUG 828 --- [http-nio-8082-exec-4] o.s.s.w.s.HttpSessionRequestCache        : Saved request http://localhost:8082/robots.txt?continue to session
2024-01-22T08:27:18.040+01:00 DEBUG 828 --- [http-nio-8082-exec-4] o.s.s.web.DefaultRedirectStrategy        : Redirecting to http://localhost:8082/login
2024-01-22T08:27:18.050+01:00 DEBUG 828 --- [http-nio-8082-exec-5] o.s.security.web.FilterChainProxy        : Securing GET /login
2024-01-22T08:27:18.051+01:00 DEBUG 828 --- [http-nio-8082-exec-5] o.s.s.w.a.AnonymousAuthenticationFilter  : Set SecurityContextHolder to anonymous SecurityContext
2024-01-22T08:27:18.052+01:00 DEBUG 828 --- [http-nio-8082-exec-5] o.s.s.w.a.i.FilterSecurityInterceptor    : Authorized filter invocation [GET /login] with attributes [permitAll]
2024-01-22T08:27:18.053+01:00 DEBUG 828 --- [http-nio-8082-exec-5] o.s.security.web.FilterChainProxy        : Secured GET /login
2024-01-22T08:27:18.103+01:00 DEBUG 828 --- [http-nio-8082-exec-6] o.s.security.web.FilterChainProxy        : Securing GET /favicon.ico
2024-01-22T08:27:18.104+01:00 DEBUG 828 --- [http-nio-8082-exec-6] o.s.s.w.a.AnonymousAuthenticationFilter  : Set SecurityContextHolder to anonymous SecurityContext
2024-01-22T08:27:18.104+01:00 DEBUG 828 --- [http-nio-8082-exec-6] o.s.s.w.a.i.FilterSecurityInterceptor    : Failed to authorize filter invocation [GET /favicon.ico] with attributes [authenticated]
2024-01-22T08:27:18.105+01:00 DEBUG 828 --- [http-nio-8082-exec-6] o.s.s.web.DefaultRedirectStrategy        : Redirecting to http://localhost:8082/login
2024-01-22T08:27:18.117+01:00 DEBUG 828 --- [http-nio-8082-exec-7] o.s.security.web.FilterChainProxy        : Securing GET /login
2024-01-22T08:27:18.117+01:00 DEBUG 828 --- [http-nio-8082-exec-7] o.s.s.w.a.AnonymousAuthenticationFilter  : Set SecurityContextHolder to anonymous SecurityContext
2024-01-22T08:27:18.118+01:00 DEBUG 828 --- [http-nio-8082-exec-7] o.s.s.w.a.i.FilterSecurityInterceptor    : Authorized filter invocation [GET /login] with attributes [permitAll]
2024-01-22T08:27:18.118+01:00 DEBUG 828 --- [http-nio-8082-exec-7] o.s.security.web.FilterChainProxy        : Secured GET /login
2024-01-22T08:27:19.323+01:00 DEBUG 828 --- [http-nio-8082-exec-8] o.s.security.web.FilterChainProxy        : Securing GET /login
2024-01-22T08:27:19.324+01:00 DEBUG 828 --- [http-nio-8082-exec-8] o.s.s.w.a.AnonymousAuthenticationFilter  : Set SecurityContextHolder to anonymous SecurityContext
2024-01-22T08:27:19.324+01:00 DEBUG 828 --- [http-nio-8082-exec-8] o.s.s.w.a.i.FilterSecurityInterceptor    : Authorized filter invocation [GET /login] with attributes [permitAll]
2024-01-22T08:27:19.324+01:00 DEBUG 828 --- [http-nio-8082-exec-8] o.s.security.web.FilterChainProxy        : Secured GET /login
2024-01-22T08:27:19.336+01:00 DEBUG 828 --- [http-nio-8082-exec-9] o.s.security.web.FilterChainProxy        : Securing GET /robots.txt
2024-01-22T08:27:19.336+01:00 DEBUG 828 --- [http-nio-8082-exec-9] o.s.s.w.a.AnonymousAuthenticationFilter  : Set SecurityContextHolder to anonymous SecurityContext
2024-01-22T08:27:19.337+01:00 DEBUG 828 --- [http-nio-8082-exec-9] o.s.s.w.a.i.FilterSecurityInterceptor    : Failed to authorize filter invocation [GET /robots.txt] with attributes [authenticated]
2024-01-22T08:27:19.337+01:00 DEBUG 828 --- [http-nio-8082-exec-9] o.s.s.w.s.HttpSessionRequestCache        : Saved request http://localhost:8082/robots.txt?continue to session
2024-01-22T08:27:19.337+01:00 DEBUG 828 --- [http-nio-8082-exec-9] o.s.s.web.DefaultRedirectStrategy        : Redirecting to http://localhost:8082/login
2024-01-22T08:27:19.344+01:00 DEBUG 828 --- [http-nio-8082-exec-10] o.s.security.web.FilterChainProxy        : Securing GET /login
2024-01-22T08:27:19.344+01:00 DEBUG 828 --- [http-nio-8082-exec-10] o.s.s.w.a.AnonymousAuthenticationFilter  : Set SecurityContextHolder to anonymous SecurityContext
2024-01-22T08:27:19.344+01:00 DEBUG 828 --- [http-nio-8082-exec-10] o.s.s.w.a.i.FilterSecurityInterceptor    : Authorized filter invocation [GET /login] with attributes [permitAll]
2024-01-22T08:27:19.344+01:00 DEBUG 828 --- [http-nio-8082-exec-10] o.s.security.web.FilterChainProxy        : Secured GET /login
2024-01-22T08:27:19.387+01:00 DEBUG 828 --- [http-nio-8082-exec-1] o.s.security.web.FilterChainProxy        : Securing GET /favicon.ico
2024-01-22T08:27:19.388+01:00 DEBUG 828 --- [http-nio-8082-exec-1] o.s.s.w.a.AnonymousAuthenticationFilter  : Set SecurityContextHolder to anonymous SecurityContext
2024-01-22T08:27:19.388+01:00 DEBUG 828 --- [http-nio-8082-exec-1] o.s.s.w.a.i.FilterSecurityInterceptor    : Failed to authorize filter invocation [GET /favicon.ico] with attributes [authenticated]
2024-01-22T08:27:19.389+01:00 DEBUG 828 --- [http-nio-8082-exec-1] o.s.s.web.DefaultRedirectStrategy        : Redirecting to http://localhost:8082/login
2024-01-22T08:27:19.391+01:00 DEBUG 828 --- [http-nio-8082-exec-2] o.s.security.web.FilterChainProxy        : Securing GET /login
2024-01-22T08:27:19.392+01:00 DEBUG 828 --- [http-nio-8082-exec-2] o.s.s.w.a.AnonymousAuthenticationFilter  : Set SecurityContextHolder to anonymous SecurityContext
2024-01-22T08:27:19.392+01:00 DEBUG 828 --- [http-nio-8082-exec-2] o.s.s.w.a.i.FilterSecurityInterceptor    : Authorized filter invocation [GET /login] with attributes [permitAll]
2024-01-22T08:27:19.392+01:00 DEBUG 828 --- [http-nio-8082-exec-2] o.s.security.web.FilterChainProxy        : Secured GET /login
2024-01-22T08:27:20.430+01:00 DEBUG 828 --- [http-nio-8082-exec-3] o.s.security.web.FilterChainProxy        : Securing GET /register
2024-01-22T08:27:20.431+01:00 DEBUG 828 --- [http-nio-8082-exec-3] o.s.s.w.a.AnonymousAuthenticationFilter  : Set SecurityContextHolder to anonymous SecurityContext
2024-01-22T08:27:20.431+01:00 DEBUG 828 --- [http-nio-8082-exec-3] o.s.s.w.a.i.FilterSecurityInterceptor    : Authorized filter invocation [GET /register] with attributes [permitAll]
2024-01-22T08:27:20.431+01:00 DEBUG 828 --- [http-nio-8082-exec-3] o.s.security.web.FilterChainProxy        : Secured GET /register
2024-01-22T08:27:20.442+01:00 DEBUG 828 --- [http-nio-8082-exec-4] o.s.security.web.FilterChainProxy        : Securing GET /robots.txt
2024-01-22T08:27:20.443+01:00 DEBUG 828 --- [http-nio-8082-exec-4] o.s.s.w.a.AnonymousAuthenticationFilter  : Set SecurityContextHolder to anonymous SecurityContext
2024-01-22T08:27:20.443+01:00 DEBUG 828 --- [http-nio-8082-exec-4] o.s.s.w.a.i.FilterSecurityInterceptor    : Failed to authorize filter invocation [GET /robots.txt] with attributes [authenticated]
2024-01-22T08:27:20.444+01:00 DEBUG 828 --- [http-nio-8082-exec-4] o.s.s.w.s.HttpSessionRequestCache        : Saved request http://localhost:8082/robots.txt?continue to session
2024-01-22T08:27:20.444+01:00 DEBUG 828 --- [http-nio-8082-exec-4] o.s.s.web.DefaultRedirectStrategy        : Redirecting to http://localhost:8082/login
2024-01-22T08:27:20.453+01:00 DEBUG 828 --- [http-nio-8082-exec-5] o.s.security.web.FilterChainProxy        : Securing GET /login
2024-01-22T08:27:20.453+01:00 DEBUG 828 --- [http-nio-8082-exec-5] o.s.s.w.a.AnonymousAuthenticationFilter  : Set SecurityContextHolder to anonymous SecurityContext
2024-01-22T08:27:20.453+01:00 DEBUG 828 --- [http-nio-8082-exec-5] o.s.s.w.a.i.FilterSecurityInterceptor    : Authorized filter invocation [GET /login] with attributes [permitAll]
2024-01-22T08:27:20.453+01:00 DEBUG 828 --- [http-nio-8082-exec-5] o.s.security.web.FilterChainProxy        : Secured GET /login
2024-01-22T08:27:20.503+01:00 DEBUG 828 --- [http-nio-8082-exec-6] o.s.security.web.FilterChainProxy        : Securing GET /favicon.ico
2024-01-22T08:27:20.504+01:00 DEBUG 828 --- [http-nio-8082-exec-6] o.s.s.w.a.AnonymousAuthenticationFilter  : Set SecurityContextHolder to anonymous SecurityContext
2024-01-22T08:27:20.504+01:00 DEBUG 828 --- [http-nio-8082-exec-6] o.s.s.w.a.i.FilterSecurityInterceptor    : Failed to authorize filter invocation [GET /favicon.ico] with attributes [authenticated]
2024-01-22T08:27:20.505+01:00 DEBUG 828 --- [http-nio-8082-exec-6] o.s.s.web.DefaultRedirectStrategy        : Redirecting to http://localhost:8082/login
2024-01-22T08:27:20.507+01:00 DEBUG 828 --- [http-nio-8082-exec-7] o.s.security.web.FilterChainProxy        : Securing GET /login
2024-01-22T08:27:20.507+01:00 DEBUG 828 --- [http-nio-8082-exec-7] o.s.s.w.a.AnonymousAuthenticationFilter  : Set SecurityContextHolder to anonymous SecurityContext
2024-01-22T08:27:20.508+01:00 DEBUG 828 --- [http-nio-8082-exec-7] o.s.s.w.a.i.FilterSecurityInterceptor    : Authorized filter invocation [GET /login] with attributes [permitAll]
2024-01-22T08:27:20.508+01:00 DEBUG 828 --- [http-nio-8082-exec-7] o.s.security.web.FilterChainProxy        : Secured GET /login
2024-01-22T08:27:24.695+01:00 DEBUG 828 --- [http-nio-8082-exec-8] o.s.security.web.FilterChainProxy        : Securing GET /login
2024-01-22T08:27:24.695+01:00 DEBUG 828 --- [http-nio-8082-exec-8] o.s.s.w.a.AnonymousAuthenticationFilter  : Set SecurityContextHolder to anonymous SecurityContext
2024-01-22T08:27:24.696+01:00 DEBUG 828 --- [http-nio-8082-exec-8] o.s.s.w.a.i.FilterSecurityInterceptor    : Authorized filter invocation [GET /login] with attributes [permitAll]
2024-01-22T08:27:24.696+01:00 DEBUG 828 --- [http-nio-8082-exec-8] o.s.security.web.FilterChainProxy        : Secured GET /login
2024-01-22T08:27:24.704+01:00 DEBUG 828 --- [http-nio-8082-exec-9] o.s.security.web.FilterChainProxy        : Securing GET /robots.txt
2024-01-22T08:27:24.705+01:00 DEBUG 828 --- [http-nio-8082-exec-9] o.s.s.w.a.AnonymousAuthenticationFilter  : Set SecurityContextHolder to anonymous SecurityContext
2024-01-22T08:27:24.705+01:00 DEBUG 828 --- [http-nio-8082-exec-9] o.s.s.w.a.i.FilterSecurityInterceptor    : Failed to authorize filter invocation [GET /robots.txt] with attributes [authenticated]
2024-01-22T08:27:24.706+01:00 DEBUG 828 --- [http-nio-8082-exec-9] o.s.s.w.s.HttpSessionRequestCache        : Saved request http://localhost:8082/robots.txt?continue to session
2024-01-22T08:27:24.706+01:00 DEBUG 828 --- [http-nio-8082-exec-9] o.s.s.web.DefaultRedirectStrategy        : Redirecting to http://localhost:8082/login
2024-01-22T08:27:24.712+01:00 DEBUG 828 --- [http-nio-8082-exec-10] o.s.security.web.FilterChainProxy        : Securing GET /login
2024-01-22T08:27:24.712+01:00 DEBUG 828 --- [http-nio-8082-exec-10] o.s.s.w.a.AnonymousAuthenticationFilter  : Set SecurityContextHolder to anonymous SecurityContext
2024-01-22T08:27:24.712+01:00 DEBUG 828 --- [http-nio-8082-exec-10] o.s.s.w.a.i.FilterSecurityInterceptor    : Authorized filter invocation [GET /login] with attributes [permitAll]
2024-01-22T08:27:24.712+01:00 DEBUG 828 --- [http-nio-8082-exec-10] o.s.security.web.FilterChainProxy        : Secured GET /login
2024-01-22T08:27:24.753+01:00 DEBUG 828 --- [http-nio-8082-exec-1] o.s.security.web.FilterChainProxy        : Securing GET /favicon.ico
2024-01-22T08:27:24.755+01:00 DEBUG 828 --- [http-nio-8082-exec-1] o.s.s.w.a.AnonymousAuthenticationFilter  : Set SecurityContextHolder to anonymous SecurityContext
2024-01-22T08:27:24.755+01:00 DEBUG 828 --- [http-nio-8082-exec-1] o.s.s.w.a.i.FilterSecurityInterceptor    : Failed to authorize filter invocation [GET /favicon.ico] with attributes [authenticated]
2024-01-22T08:27:24.755+01:00 DEBUG 828 --- [http-nio-8082-exec-1] o.s.s.web.DefaultRedirectStrategy        : Redirecting to http://localhost:8082/login
2024-01-22T08:27:24.758+01:00 DEBUG 828 --- [http-nio-8082-exec-2] o.s.security.web.FilterChainProxy        : Securing GET /login
2024-01-22T08:27:24.758+01:00 DEBUG 828 --- [http-nio-8082-exec-2] o.s.s.w.a.AnonymousAuthenticationFilter  : Set SecurityContextHolder to anonymous SecurityContext
2024-01-22T08:27:24.759+01:00 DEBUG 828 --- [http-nio-8082-exec-2] o.s.s.w.a.i.FilterSecurityInterceptor    : Authorized filter invocation [GET /login] with attributes [permitAll]
2024-01-22T08:27:24.759+01:00 DEBUG 828 --- [http-nio-8082-exec-2] o.s.security.web.FilterChainProxy        : Secured GET /login
2024-01-22T08:27:26.196+01:00 DEBUG 828 --- [http-nio-8082-exec-3] o.s.security.web.FilterChainProxy        : Securing GET /register
2024-01-22T08:27:26.197+01:00 DEBUG 828 --- [http-nio-8082-exec-3] o.s.s.w.a.AnonymousAuthenticationFilter  : Set SecurityContextHolder to anonymous SecurityContext
2024-01-22T08:27:26.197+01:00 DEBUG 828 --- [http-nio-8082-exec-3] o.s.s.w.a.i.FilterSecurityInterceptor    : Authorized filter invocation [GET /register] with attributes [permitAll]
2024-01-22T08:27:26.197+01:00 DEBUG 828 --- [http-nio-8082-exec-3] o.s.security.web.FilterChainProxy        : Secured GET /register
2024-01-22T08:27:26.218+01:00 DEBUG 828 --- [http-nio-8082-exec-4] o.s.security.web.FilterChainProxy        : Securing GET /robots.txt
2024-01-22T08:27:26.219+01:00 DEBUG 828 --- [http-nio-8082-exec-4] o.s.s.w.a.AnonymousAuthenticationFilter  : Set SecurityContextHolder to anonymous SecurityContext
2024-01-22T08:27:26.220+01:00 DEBUG 828 --- [http-nio-8082-exec-4] o.s.s.w.a.i.FilterSecurityInterceptor    : Failed to authorize filter invocation [GET /robots.txt] with attributes [authenticated]
2024-01-22T08:27:26.221+01:00 DEBUG 828 --- [http-nio-8082-exec-4] o.s.s.w.s.HttpSessionRequestCache        : Saved request http://localhost:8082/robots.txt?continue to session
2024-01-22T08:27:26.221+01:00 DEBUG 828 --- [http-nio-8082-exec-4] o.s.s.web.DefaultRedirectStrategy        : Redirecting to http://localhost:8082/login
2024-01-22T08:27:26.230+01:00 DEBUG 828 --- [http-nio-8082-exec-5] o.s.security.web.FilterChainProxy        : Securing GET /login
2024-01-22T08:27:26.230+01:00 DEBUG 828 --- [http-nio-8082-exec-5] o.s.s.w.a.AnonymousAuthenticationFilter  : Set SecurityContextHolder to anonymous SecurityContext
2024-01-22T08:27:26.230+01:00 DEBUG 828 --- [http-nio-8082-exec-5] o.s.s.w.a.i.FilterSecurityInterceptor    : Authorized filter invocation [GET /login] with attributes [permitAll]
2024-01-22T08:27:26.230+01:00 DEBUG 828 --- [http-nio-8082-exec-5] o.s.security.web.FilterChainProxy        : Secured GET /login
2024-01-22T08:27:26.269+01:00 DEBUG 828 --- [http-nio-8082-exec-6] o.s.security.web.FilterChainProxy        : Securing GET /favicon.ico
2024-01-22T08:27:26.271+01:00 DEBUG 828 --- [http-nio-8082-exec-6] o.s.s.w.a.AnonymousAuthenticationFilter  : Set SecurityContextHolder to anonymous SecurityContext
2024-01-22T08:27:26.271+01:00 DEBUG 828 --- [http-nio-8082-exec-6] o.s.s.w.a.i.FilterSecurityInterceptor    : Failed to authorize filter invocation [GET /favicon.ico] with attributes [authenticated]
2024-01-22T08:27:26.271+01:00 DEBUG 828 --- [http-nio-8082-exec-6] o.s.s.web.DefaultRedirectStrategy        : Redirecting to http://localhost:8082/login
2024-01-22T08:27:26.274+01:00 DEBUG 828 --- [http-nio-8082-exec-7] o.s.security.web.FilterChainProxy        : Securing GET /login
2024-01-22T08:27:26.274+01:00 DEBUG 828 --- [http-nio-8082-exec-7] o.s.s.w.a.AnonymousAuthenticationFilter  : Set SecurityContextHolder to anonymous SecurityContext
2024-01-22T08:27:26.274+01:00 DEBUG 828 --- [http-nio-8082-exec-7] o.s.s.w.a.i.FilterSecurityInterceptor    : Authorized filter invocation [GET /login] with attributes [permitAll]
2024-01-22T08:27:26.274+01:00 DEBUG 828 --- [http-nio-8082-exec-7] o.s.security.web.FilterChainProxy        : Secured GET /login
2024-01-22T08:27:27.174+01:00 DEBUG 828 --- [http-nio-8082-exec-8] o.s.security.web.FilterChainProxy        : Securing GET /login
2024-01-22T08:27:27.174+01:00 DEBUG 828 --- [http-nio-8082-exec-8] o.s.s.w.a.AnonymousAuthenticationFilter  : Set SecurityContextHolder to anonymous SecurityContext
2024-01-22T08:27:27.175+01:00 DEBUG 828 --- [http-nio-8082-exec-8] o.s.s.w.a.i.FilterSecurityInterceptor    : Authorized filter invocation [GET /login] with attributes [permitAll]
2024-01-22T08:27:27.175+01:00 DEBUG 828 --- [http-nio-8082-exec-8] o.s.security.web.FilterChainProxy        : Secured GET /login
2024-01-22T08:27:27.188+01:00 DEBUG 828 --- [http-nio-8082-exec-9] o.s.security.web.FilterChainProxy        : Securing GET /robots.txt
2024-01-22T08:27:27.189+01:00 DEBUG 828 --- [http-nio-8082-exec-9] o.s.s.w.a.AnonymousAuthenticationFilter  : Set SecurityContextHolder to anonymous SecurityContext
2024-01-22T08:27:27.190+01:00 DEBUG 828 --- [http-nio-8082-exec-9] o.s.s.w.a.i.FilterSecurityInterceptor    : Failed to authorize filter invocation [GET /robots.txt] with attributes [authenticated]
2024-01-22T08:27:27.190+01:00 DEBUG 828 --- [http-nio-8082-exec-9] o.s.s.w.s.HttpSessionRequestCache        : Saved request http://localhost:8082/robots.txt?continue to session
2024-01-22T08:27:27.191+01:00 DEBUG 828 --- [http-nio-8082-exec-9] o.s.s.web.DefaultRedirectStrategy        : Redirecting to http://localhost:8082/login
2024-01-22T08:27:27.199+01:00 DEBUG 828 --- [http-nio-8082-exec-10] o.s.security.web.FilterChainProxy        : Securing GET /login
2024-01-22T08:27:27.199+01:00 DEBUG 828 --- [http-nio-8082-exec-10] o.s.s.w.a.AnonymousAuthenticationFilter  : Set SecurityContextHolder to anonymous SecurityContext
2024-01-22T08:27:27.200+01:00 DEBUG 828 --- [http-nio-8082-exec-10] o.s.s.w.a.i.FilterSecurityInterceptor    : Authorized filter invocation [GET /login] with attributes [permitAll]
2024-01-22T08:27:27.200+01:00 DEBUG 828 --- [http-nio-8082-exec-10] o.s.security.web.FilterChainProxy        : Secured GET /login
2024-01-22T08:27:27.237+01:00 DEBUG 828 --- [http-nio-8082-exec-1] o.s.security.web.FilterChainProxy        : Securing GET /favicon.ico
2024-01-22T08:27:27.238+01:00 DEBUG 828 --- [http-nio-8082-exec-1] o.s.s.w.a.AnonymousAuthenticationFilter  : Set SecurityContextHolder to anonymous SecurityContext
2024-01-22T08:27:27.238+01:00 DEBUG 828 --- [http-nio-8082-exec-1] o.s.s.w.a.i.FilterSecurityInterceptor    : Failed to authorize filter invocation [GET /favicon.ico] with attributes [authenticated]
2024-01-22T08:27:27.238+01:00 DEBUG 828 --- [http-nio-8082-exec-1] o.s.s.web.DefaultRedirectStrategy        : Redirecting to http://localhost:8082/login
2024-01-22T08:27:27.241+01:00 DEBUG 828 --- [http-nio-8082-exec-2] o.s.security.web.FilterChainProxy        : Securing GET /login
2024-01-22T08:27:27.241+01:00 DEBUG 828 --- [http-nio-8082-exec-2] o.s.s.w.a.AnonymousAuthenticationFilter  : Set SecurityContextHolder to anonymous SecurityContext
2024-01-22T08:27:27.242+01:00 DEBUG 828 --- [http-nio-8082-exec-2] o.s.s.w.a.i.FilterSecurityInterceptor    : Authorized filter invocation [GET /login] with attributes [permitAll]
2024-01-22T08:27:27.242+01:00 DEBUG 828 --- [http-nio-8082-exec-2] o.s.security.web.FilterChainProxy        : Secured GET /login
2024-01-22T08:27:28.304+01:00 DEBUG 828 --- [http-nio-8082-exec-3] o.s.security.web.FilterChainProxy        : Securing GET /register
2024-01-22T08:27:28.304+01:00 DEBUG 828 --- [http-nio-8082-exec-3] o.s.s.w.a.AnonymousAuthenticationFilter  : Set SecurityContextHolder to anonymous SecurityContext
2024-01-22T08:27:28.305+01:00 DEBUG 828 --- [http-nio-8082-exec-3] o.s.s.w.a.i.FilterSecurityInterceptor    : Authorized filter invocation [GET /register] with attributes [permitAll]
2024-01-22T08:27:28.305+01:00 DEBUG 828 --- [http-nio-8082-exec-3] o.s.security.web.FilterChainProxy        : Secured GET /register
2024-01-22T08:27:28.320+01:00 DEBUG 828 --- [http-nio-8082-exec-4] o.s.security.web.FilterChainProxy        : Securing GET /robots.txt
2024-01-22T08:27:28.322+01:00 DEBUG 828 --- [http-nio-8082-exec-4] o.s.s.w.a.AnonymousAuthenticationFilter  : Set SecurityContextHolder to anonymous SecurityContext
2024-01-22T08:27:28.323+01:00 DEBUG 828 --- [http-nio-8082-exec-4] o.s.s.w.a.i.FilterSecurityInterceptor    : Failed to authorize filter invocation [GET /robots.txt] with attributes [authenticated]
2024-01-22T08:27:28.324+01:00 DEBUG 828 --- [http-nio-8082-exec-4] o.s.s.w.s.HttpSessionRequestCache        : Saved request http://localhost:8082/robots.txt?continue to session
2024-01-22T08:27:28.324+01:00 DEBUG 828 --- [http-nio-8082-exec-4] o.s.s.web.DefaultRedirectStrategy        : Redirecting to http://localhost:8082/login
2024-01-22T08:27:28.344+01:00 DEBUG 828 --- [http-nio-8082-exec-5] o.s.security.web.FilterChainProxy        : Securing GET /login
2024-01-22T08:27:28.345+01:00 DEBUG 828 --- [http-nio-8082-exec-5] o.s.s.w.a.AnonymousAuthenticationFilter  : Set SecurityContextHolder to anonymous SecurityContext
2024-01-22T08:27:28.346+01:00 DEBUG 828 --- [http-nio-8082-exec-5] o.s.s.w.a.i.FilterSecurityInterceptor    : Authorized filter invocation [GET /login] with attributes [permitAll]
2024-01-22T08:27:28.346+01:00 DEBUG 828 --- [http-nio-8082-exec-5] o.s.security.web.FilterChainProxy        : Secured GET /login
2024-01-22T08:27:28.406+01:00 DEBUG 828 --- [http-nio-8082-exec-6] o.s.security.web.FilterChainProxy        : Securing GET /favicon.ico
2024-01-22T08:27:28.406+01:00 DEBUG 828 --- [http-nio-8082-exec-6] o.s.s.w.a.AnonymousAuthenticationFilter  : Set SecurityContextHolder to anonymous SecurityContext
2024-01-22T08:27:28.406+01:00 DEBUG 828 --- [http-nio-8082-exec-6] o.s.s.w.a.i.FilterSecurityInterceptor    : Failed to authorize filter invocation [GET /favicon.ico] with attributes [authenticated]
2024-01-22T08:27:28.407+01:00 DEBUG 828 --- [http-nio-8082-exec-6] o.s.s.web.DefaultRedirectStrategy        : Redirecting to http://localhost:8082/login
2024-01-22T08:27:28.413+01:00 DEBUG 828 --- [http-nio-8082-exec-7] o.s.security.web.FilterChainProxy        : Securing GET /login
2024-01-22T08:27:28.414+01:00 DEBUG 828 --- [http-nio-8082-exec-7] o.s.s.w.a.AnonymousAuthenticationFilter  : Set SecurityContextHolder to anonymous SecurityContext
2024-01-22T08:27:28.414+01:00 DEBUG 828 --- [http-nio-8082-exec-7] o.s.s.w.a.i.FilterSecurityInterceptor    : Authorized filter invocation [GET /login] with attributes [permitAll]
2024-01-22T08:27:28.414+01:00 DEBUG 828 --- [http-nio-8082-exec-7] o.s.security.web.FilterChainProxy        : Secured GET /login
2024-01-22T08:27:30.598+01:00 DEBUG 828 --- [http-nio-8082-exec-8] o.s.security.web.FilterChainProxy        : Securing GET /login
2024-01-22T08:27:30.598+01:00 DEBUG 828 --- [http-nio-8082-exec-8] o.s.s.w.a.AnonymousAuthenticationFilter  : Set SecurityContextHolder to anonymous SecurityContext
2024-01-22T08:27:30.599+01:00 DEBUG 828 --- [http-nio-8082-exec-8] o.s.s.w.a.i.FilterSecurityInterceptor    : Authorized filter invocation [GET /login] with attributes [permitAll]
2024-01-22T08:27:30.599+01:00 DEBUG 828 --- [http-nio-8082-exec-8] o.s.security.web.FilterChainProxy        : Secured GET /login
2024-01-22T08:27:30.612+01:00 DEBUG 828 --- [http-nio-8082-exec-9] o.s.security.web.FilterChainProxy        : Securing GET /robots.txt
2024-01-22T08:27:30.613+01:00 DEBUG 828 --- [http-nio-8082-exec-9] o.s.s.w.a.AnonymousAuthenticationFilter  : Set SecurityContextHolder to anonymous SecurityContext
2024-01-22T08:27:30.613+01:00 DEBUG 828 --- [http-nio-8082-exec-9] o.s.s.w.a.i.FilterSecurityInterceptor    : Failed to authorize filter invocation [GET /robots.txt] with attributes [authenticated]
2024-01-22T08:27:30.614+01:00 DEBUG 828 --- [http-nio-8082-exec-9] o.s.s.w.s.HttpSessionRequestCache        : Saved request http://localhost:8082/robots.txt?continue to session
2024-01-22T08:27:30.614+01:00 DEBUG 828 --- [http-nio-8082-exec-9] o.s.s.web.DefaultRedirectStrategy        : Redirecting to http://localhost:8082/login
2024-01-22T08:27:30.623+01:00 DEBUG 828 --- [http-nio-8082-exec-10] o.s.security.web.FilterChainProxy        : Securing GET /login
2024-01-22T08:27:30.624+01:00 DEBUG 828 --- [http-nio-8082-exec-10] o.s.s.w.a.AnonymousAuthenticationFilter  : Set SecurityContextHolder to anonymous SecurityContext
2024-01-22T08:27:30.624+01:00 DEBUG 828 --- [http-nio-8082-exec-10] o.s.s.w.a.i.FilterSecurityInterceptor    : Authorized filter invocation [GET /login] with attributes [permitAll]
2024-01-22T08:27:30.624+01:00 DEBUG 828 --- [http-nio-8082-exec-10] o.s.security.web.FilterChainProxy        : Secured GET /login
2024-01-22T08:27:30.671+01:00 DEBUG 828 --- [http-nio-8082-exec-1] o.s.security.web.FilterChainProxy        : Securing GET /favicon.ico
2024-01-22T08:27:30.672+01:00 DEBUG 828 --- [http-nio-8082-exec-1] o.s.s.w.a.AnonymousAuthenticationFilter  : Set SecurityContextHolder to anonymous SecurityContext
2024-01-22T08:27:30.672+01:00 DEBUG 828 --- [http-nio-8082-exec-1] o.s.s.w.a.i.FilterSecurityInterceptor    : Failed to authorize filter invocation [GET /favicon.ico] with attributes [authenticated]
2024-01-22T08:27:30.672+01:00 DEBUG 828 --- [http-nio-8082-exec-1] o.s.s.web.DefaultRedirectStrategy        : Redirecting to http://localhost:8082/login
2024-01-22T08:27:30.675+01:00 DEBUG 828 --- [http-nio-8082-exec-2] o.s.security.web.FilterChainProxy        : Securing GET /login
2024-01-22T08:27:30.676+01:00 DEBUG 828 --- [http-nio-8082-exec-2] o.s.s.w.a.AnonymousAuthenticationFilter  : Set SecurityContextHolder to anonymous SecurityContext
2024-01-22T08:27:30.677+01:00 DEBUG 828 --- [http-nio-8082-exec-2] o.s.s.w.a.i.FilterSecurityInterceptor    : Authorized filter invocation [GET /login] with attributes [permitAll]
2024-01-22T08:27:30.677+01:00 DEBUG 828 --- [http-nio-8082-exec-2] o.s.security.web.FilterChainProxy        : Secured GET /login
2024-01-22T10:05:16.867+01:00 DEBUG 828 --- [http-nio-8082-exec-7] o.s.security.web.FilterChainProxy        : Securing GET /
2024-01-22T10:05:16.871+01:00 DEBUG 828 --- [http-nio-8082-exec-7] o.s.s.w.a.AnonymousAuthenticationFilter  : Set SecurityContextHolder to anonymous SecurityContext
2024-01-22T10:05:16.875+01:00 DEBUG 828 --- [http-nio-8082-exec-7] o.s.s.w.a.i.FilterSecurityInterceptor    : Failed to authorize filter invocation [GET /] with attributes [authenticated]
2024-01-22T10:05:16.877+01:00 DEBUG 828 --- [http-nio-8082-exec-7] o.s.s.w.s.HttpSessionRequestCache        : Saved request http://localhost:8082/?continue to session
2024-01-22T10:05:16.878+01:00 DEBUG 828 --- [http-nio-8082-exec-7] o.s.s.web.DefaultRedirectStrategy        : Redirecting to http://localhost:8082/login
2024-01-22T10:05:16.884+01:00 DEBUG 828 --- [http-nio-8082-exec-8] o.s.security.web.FilterChainProxy        : Securing GET /login
2024-01-22T10:05:16.885+01:00 DEBUG 828 --- [http-nio-8082-exec-8] o.s.s.w.a.AnonymousAuthenticationFilter  : Set SecurityContextHolder to anonymous SecurityContext
2024-01-22T10:05:16.885+01:00 DEBUG 828 --- [http-nio-8082-exec-8] o.s.s.w.a.i.FilterSecurityInterceptor    : Authorized filter invocation [GET /login] with attributes [permitAll]
2024-01-22T10:05:16.885+01:00 DEBUG 828 --- [http-nio-8082-exec-8] o.s.security.web.FilterChainProxy        : Secured GET /login
2024-01-22T10:05:16.906+01:00 DEBUG 828 --- [http-nio-8082-exec-9] o.s.security.web.FilterChainProxy        : Securing GET /robots.txt
2024-01-22T10:05:16.907+01:00 DEBUG 828 --- [http-nio-8082-exec-9] o.s.s.w.a.AnonymousAuthenticationFilter  : Set SecurityContextHolder to anonymous SecurityContext
2024-01-22T10:05:16.907+01:00 DEBUG 828 --- [http-nio-8082-exec-9] o.s.s.w.a.i.FilterSecurityInterceptor    : Failed to authorize filter invocation [GET /robots.txt] with attributes [authenticated]
2024-01-22T10:05:16.907+01:00 DEBUG 828 --- [http-nio-8082-exec-9] o.s.s.w.s.HttpSessionRequestCache        : Saved request http://localhost:8082/robots.txt?continue to session
2024-01-22T10:05:16.907+01:00 DEBUG 828 --- [http-nio-8082-exec-9] o.s.s.web.DefaultRedirectStrategy        : Redirecting to http://localhost:8082/login
2024-01-22T10:05:16.911+01:00 DEBUG 828 --- [http-nio-8082-exec-10] o.s.security.web.FilterChainProxy        : Securing GET /login
2024-01-22T10:05:16.911+01:00 DEBUG 828 --- [http-nio-8082-exec-10] o.s.s.w.a.AnonymousAuthenticationFilter  : Set SecurityContextHolder to anonymous SecurityContext
2024-01-22T10:05:16.911+01:00 DEBUG 828 --- [http-nio-8082-exec-10] o.s.s.w.a.i.FilterSecurityInterceptor    : Authorized filter invocation [GET /login] with attributes [permitAll]
2024-01-22T10:05:16.911+01:00 DEBUG 828 --- [http-nio-8082-exec-10] o.s.security.web.FilterChainProxy        : Secured GET /login
2024-01-22T10:05:17.153+01:00 DEBUG 828 --- [http-nio-8082-exec-1] o.s.security.web.FilterChainProxy        : Securing GET /favicon.ico
2024-01-22T10:05:17.154+01:00 DEBUG 828 --- [http-nio-8082-exec-1] o.s.s.w.a.AnonymousAuthenticationFilter  : Set SecurityContextHolder to anonymous SecurityContext
2024-01-22T10:05:17.154+01:00 DEBUG 828 --- [http-nio-8082-exec-1] o.s.s.w.a.i.FilterSecurityInterceptor    : Failed to authorize filter invocation [GET /favicon.ico] with attributes [authenticated]
2024-01-22T10:05:17.154+01:00 DEBUG 828 --- [http-nio-8082-exec-1] o.s.s.web.DefaultRedirectStrategy        : Redirecting to http://localhost:8082/login
2024-01-22T10:05:17.158+01:00 DEBUG 828 --- [http-nio-8082-exec-2] o.s.security.web.FilterChainProxy        : Securing GET /login
2024-01-22T10:05:17.158+01:00 DEBUG 828 --- [http-nio-8082-exec-2] o.s.s.w.a.AnonymousAuthenticationFilter  : Set SecurityContextHolder to anonymous SecurityContext
2024-01-22T10:05:17.159+01:00 DEBUG 828 --- [http-nio-8082-exec-2] o.s.s.w.a.i.FilterSecurityInterceptor    : Authorized filter invocation [GET /login] with attributes [permitAll]
2024-01-22T10:05:17.159+01:00 DEBUG 828 --- [http-nio-8082-exec-2] o.s.security.web.FilterChainProxy        : Secured GET /login
2024-01-22T10:05:18.556+01:00 DEBUG 828 --- [http-nio-8082-exec-3] o.s.security.web.FilterChainProxy        : Securing GET /register
2024-01-22T10:05:18.557+01:00 DEBUG 828 --- [http-nio-8082-exec-3] o.s.s.w.a.AnonymousAuthenticationFilter  : Set SecurityContextHolder to anonymous SecurityContext
2024-01-22T10:05:18.557+01:00 DEBUG 828 --- [http-nio-8082-exec-3] o.s.s.w.a.i.FilterSecurityInterceptor    : Authorized filter invocation [GET /register] with attributes [permitAll]
2024-01-22T10:05:18.558+01:00 DEBUG 828 --- [http-nio-8082-exec-3] o.s.security.web.FilterChainProxy        : Secured GET /register
2024-01-22T10:05:18.585+01:00 DEBUG 828 --- [http-nio-8082-exec-4] o.s.security.web.FilterChainProxy        : Securing GET /robots.txt
2024-01-22T10:05:18.587+01:00 DEBUG 828 --- [http-nio-8082-exec-4] o.s.s.w.a.AnonymousAuthenticationFilter  : Set SecurityContextHolder to anonymous SecurityContext
2024-01-22T10:05:18.587+01:00 DEBUG 828 --- [http-nio-8082-exec-4] o.s.s.w.a.i.FilterSecurityInterceptor    : Failed to authorize filter invocation [GET /robots.txt] with attributes [authenticated]
2024-01-22T10:05:18.588+01:00 DEBUG 828 --- [http-nio-8082-exec-4] o.s.s.w.s.HttpSessionRequestCache        : Saved request http://localhost:8082/robots.txt?continue to session
2024-01-22T10:05:18.588+01:00 DEBUG 828 --- [http-nio-8082-exec-4] o.s.s.web.DefaultRedirectStrategy        : Redirecting to http://localhost:8082/login
2024-01-22T10:05:18.599+01:00 DEBUG 828 --- [http-nio-8082-exec-5] o.s.security.web.FilterChainProxy        : Securing GET /login
2024-01-22T10:05:18.600+01:00 DEBUG 828 --- [http-nio-8082-exec-5] o.s.s.w.a.AnonymousAuthenticationFilter  : Set SecurityContextHolder to anonymous SecurityContext
2024-01-22T10:05:18.600+01:00 DEBUG 828 --- [http-nio-8082-exec-5] o.s.s.w.a.i.FilterSecurityInterceptor    : Authorized filter invocation [GET /login] with attributes [permitAll]
2024-01-22T10:05:18.600+01:00 DEBUG 828 --- [http-nio-8082-exec-5] o.s.security.web.FilterChainProxy        : Secured GET /login
2024-01-22T10:05:18.647+01:00 DEBUG 828 --- [http-nio-8082-exec-6] o.s.security.web.FilterChainProxy        : Securing GET /favicon.ico
2024-01-22T10:05:18.648+01:00 DEBUG 828 --- [http-nio-8082-exec-6] o.s.s.w.a.AnonymousAuthenticationFilter  : Set SecurityContextHolder to anonymous SecurityContext
2024-01-22T10:05:18.648+01:00 DEBUG 828 --- [http-nio-8082-exec-6] o.s.s.w.a.i.FilterSecurityInterceptor    : Failed to authorize filter invocation [GET /favicon.ico] with attributes [authenticated]
2024-01-22T10:05:18.649+01:00 DEBUG 828 --- [http-nio-8082-exec-6] o.s.s.web.DefaultRedirectStrategy        : Redirecting to http://localhost:8082/login
2024-01-22T10:05:18.651+01:00 DEBUG 828 --- [http-nio-8082-exec-7] o.s.security.web.FilterChainProxy        : Securing GET /login
2024-01-22T10:05:18.651+01:00 DEBUG 828 --- [http-nio-8082-exec-7] o.s.s.w.a.AnonymousAuthenticationFilter  : Set SecurityContextHolder to anonymous SecurityContext
2024-01-22T10:05:18.652+01:00 DEBUG 828 --- [http-nio-8082-exec-7] o.s.s.w.a.i.FilterSecurityInterceptor    : Authorized filter invocation [GET /login] with attributes [permitAll]
2024-01-22T10:05:18.652+01:00 DEBUG 828 --- [http-nio-8082-exec-7] o.s.security.web.FilterChainProxy        : Secured GET /login
2024-01-22T10:05:19.533+01:00 DEBUG 828 --- [http-nio-8082-exec-8] o.s.security.web.FilterChainProxy        : Securing GET /login
2024-01-22T10:05:19.533+01:00 DEBUG 828 --- [http-nio-8082-exec-8] o.s.s.w.a.AnonymousAuthenticationFilter  : Set SecurityContextHolder to anonymous SecurityContext
2024-01-22T10:05:19.534+01:00 DEBUG 828 --- [http-nio-8082-exec-8] o.s.s.w.a.i.FilterSecurityInterceptor    : Authorized filter invocation [GET /login] with attributes [permitAll]
2024-01-22T10:05:19.534+01:00 DEBUG 828 --- [http-nio-8082-exec-8] o.s.security.web.FilterChainProxy        : Secured GET /login
2024-01-22T10:05:19.548+01:00 DEBUG 828 --- [http-nio-8082-exec-9] o.s.security.web.FilterChainProxy        : Securing GET /robots.txt
2024-01-22T10:05:19.550+01:00 DEBUG 828 --- [http-nio-8082-exec-9] o.s.s.w.a.AnonymousAuthenticationFilter  : Set SecurityContextHolder to anonymous SecurityContext
2024-01-22T10:05:19.551+01:00 DEBUG 828 --- [http-nio-8082-exec-9] o.s.s.w.a.i.FilterSecurityInterceptor    : Failed to authorize filter invocation [GET /robots.txt] with attributes [authenticated]
2024-01-22T10:05:19.551+01:00 DEBUG 828 --- [http-nio-8082-exec-9] o.s.s.w.s.HttpSessionRequestCache        : Saved request http://localhost:8082/robots.txt?continue to session
2024-01-22T10:05:19.552+01:00 DEBUG 828 --- [http-nio-8082-exec-9] o.s.s.web.DefaultRedirectStrategy        : Redirecting to http://localhost:8082/login
2024-01-22T10:05:19.564+01:00 DEBUG 828 --- [http-nio-8082-exec-10] o.s.security.web.FilterChainProxy        : Securing GET /login
2024-01-22T10:05:19.564+01:00 DEBUG 828 --- [http-nio-8082-exec-10] o.s.s.w.a.AnonymousAuthenticationFilter  : Set SecurityContextHolder to anonymous SecurityContext
2024-01-22T10:05:19.565+01:00 DEBUG 828 --- [http-nio-8082-exec-10] o.s.s.w.a.i.FilterSecurityInterceptor    : Authorized filter invocation [GET /login] with attributes [permitAll]
2024-01-22T10:05:19.565+01:00 DEBUG 828 --- [http-nio-8082-exec-10] o.s.security.web.FilterChainProxy        : Secured GET /login
2024-01-22T10:05:19.602+01:00 DEBUG 828 --- [http-nio-8082-exec-1] o.s.security.web.FilterChainProxy        : Securing GET /favicon.ico
2024-01-22T10:05:19.603+01:00 DEBUG 828 --- [http-nio-8082-exec-1] o.s.s.w.a.AnonymousAuthenticationFilter  : Set SecurityContextHolder to anonymous SecurityContext
2024-01-22T10:05:19.603+01:00 DEBUG 828 --- [http-nio-8082-exec-1] o.s.s.w.a.i.FilterSecurityInterceptor    : Failed to authorize filter invocation [GET /favicon.ico] with attributes [authenticated]
2024-01-22T10:05:19.603+01:00 DEBUG 828 --- [http-nio-8082-exec-1] o.s.s.web.DefaultRedirectStrategy        : Redirecting to http://localhost:8082/login
2024-01-22T10:05:19.608+01:00 DEBUG 828 --- [http-nio-8082-exec-2] o.s.security.web.FilterChainProxy        : Securing GET /login
2024-01-22T10:05:19.608+01:00 DEBUG 828 --- [http-nio-8082-exec-2] o.s.s.w.a.AnonymousAuthenticationFilter  : Set SecurityContextHolder to anonymous SecurityContext
2024-01-22T10:05:19.608+01:00 DEBUG 828 --- [http-nio-8082-exec-2] o.s.s.w.a.i.FilterSecurityInterceptor    : Authorized filter invocation [GET /login] with attributes [permitAll]
2024-01-22T10:05:19.608+01:00 DEBUG 828 --- [http-nio-8082-exec-2] o.s.security.web.FilterChainProxy        : Secured GET /login
2024-01-22T10:05:20.959+01:00 DEBUG 828 --- [http-nio-8082-exec-3] o.s.security.web.FilterChainProxy        : Securing GET /register
2024-01-22T10:05:20.960+01:00 DEBUG 828 --- [http-nio-8082-exec-3] o.s.s.w.a.AnonymousAuthenticationFilter  : Set SecurityContextHolder to anonymous SecurityContext
2024-01-22T10:05:20.960+01:00 DEBUG 828 --- [http-nio-8082-exec-3] o.s.s.w.a.i.FilterSecurityInterceptor    : Authorized filter invocation [GET /register] with attributes [permitAll]
2024-01-22T10:05:20.960+01:00 DEBUG 828 --- [http-nio-8082-exec-3] o.s.security.web.FilterChainProxy        : Secured GET /register
2024-01-22T10:05:20.977+01:00 DEBUG 828 --- [http-nio-8082-exec-4] o.s.security.web.FilterChainProxy        : Securing GET /robots.txt
2024-01-22T10:05:20.979+01:00 DEBUG 828 --- [http-nio-8082-exec-4] o.s.s.w.a.AnonymousAuthenticationFilter  : Set SecurityContextHolder to anonymous SecurityContext
2024-01-22T10:05:20.980+01:00 DEBUG 828 --- [http-nio-8082-exec-4] o.s.s.w.a.i.FilterSecurityInterceptor    : Failed to authorize filter invocation [GET /robots.txt] with attributes [authenticated]
2024-01-22T10:05:20.981+01:00 DEBUG 828 --- [http-nio-8082-exec-4] o.s.s.w.s.HttpSessionRequestCache        : Saved request http://localhost:8082/robots.txt?continue to session
2024-01-22T10:05:20.981+01:00 DEBUG 828 --- [http-nio-8082-exec-4] o.s.s.web.DefaultRedirectStrategy        : Redirecting to http://localhost:8082/login
2024-01-22T10:05:20.989+01:00 DEBUG 828 --- [http-nio-8082-exec-5] o.s.security.web.FilterChainProxy        : Securing GET /login
2024-01-22T10:05:20.989+01:00 DEBUG 828 --- [http-nio-8082-exec-5] o.s.s.w.a.AnonymousAuthenticationFilter  : Set SecurityContextHolder to anonymous SecurityContext
2024-01-22T10:05:20.990+01:00 DEBUG 828 --- [http-nio-8082-exec-5] o.s.s.w.a.i.FilterSecurityInterceptor    : Authorized filter invocation [GET /login] with attributes [permitAll]
2024-01-22T10:05:20.990+01:00 DEBUG 828 --- [http-nio-8082-exec-5] o.s.security.web.FilterChainProxy        : Secured GET /login
2024-01-22T10:05:21.032+01:00 DEBUG 828 --- [http-nio-8082-exec-6] o.s.security.web.FilterChainProxy        : Securing GET /favicon.ico
2024-01-22T10:05:21.032+01:00 DEBUG 828 --- [http-nio-8082-exec-6] o.s.s.w.a.AnonymousAuthenticationFilter  : Set SecurityContextHolder to anonymous SecurityContext
2024-01-22T10:05:21.033+01:00 DEBUG 828 --- [http-nio-8082-exec-6] o.s.s.w.a.i.FilterSecurityInterceptor    : Failed to authorize filter invocation [GET /favicon.ico] with attributes [authenticated]
2024-01-22T10:05:21.033+01:00 DEBUG 828 --- [http-nio-8082-exec-6] o.s.s.web.DefaultRedirectStrategy        : Redirecting to http://localhost:8082/login
2024-01-22T10:05:21.036+01:00 DEBUG 828 --- [http-nio-8082-exec-7] o.s.security.web.FilterChainProxy        : Securing GET /login
2024-01-22T10:05:21.036+01:00 DEBUG 828 --- [http-nio-8082-exec-7] o.s.s.w.a.AnonymousAuthenticationFilter  : Set SecurityContextHolder to anonymous SecurityContext
2024-01-22T10:05:21.036+01:00 DEBUG 828 --- [http-nio-8082-exec-7] o.s.s.w.a.i.FilterSecurityInterceptor    : Authorized filter invocation [GET /login] with attributes [permitAll]
2024-01-22T10:05:21.036+01:00 DEBUG 828 --- [http-nio-8082-exec-7] o.s.security.web.FilterChainProxy        : Secured GET /login
2024-01-22T10:10:58.685+01:00  INFO 828 --- [SpringApplicationShutdownHook] j.LocalContainerEntityManagerFactoryBean : Closing JPA EntityManagerFactory for persistence unit 'default'
2024-01-22T10:10:58.688+01:00  INFO 828 --- [SpringApplicationShutdownHook] com.zaxxer.hikari.HikariDataSource       : HikariPool-1 - Shutdown initiated...
2024-01-22T10:10:59.825+01:00  INFO 828 --- [SpringApplicationShutdownHook] com.zaxxer.hikari.HikariDataSource       : HikariPool-1 - Shutdown completed.
